2024/09/27 16:16:11 - mmengine - INFO - 
------------------------------------------------------------
System environment:
    sys.platform: linux
    Python: 3.10.4 (main, Mar 31 2022, 08:41:55) [GCC 7.5.0]
    CUDA available: True
    MUSA available: False
    numpy_random_seed: 853381960
    GPU 0: NVIDIA A100-SXM4-80GB
    CUDA_HOME: /cvmfs/ai.mila.quebec/apps/arch/common/cuda/11.8
    NVCC: Cuda compilation tools, release 11.8, V11.8.89
    GCC: gcc (Ubuntu 11.4.0-1ubuntu1~22.04) 11.4.0
    PyTorch: 2.4.0+cu121
    PyTorch compiling details: PyTorch built with:
  - GCC 9.3
  - C++ Version: 201703
  - Intel(R) oneAPI Math Kernel Library Version 2022.2-Product Build 20220804 for Intel(R) 64 architecture applications
  - Intel(R) MKL-DNN v3.4.2 (Git Hash 1137e04ec0b5251ca2b4400a4fd3c667ce843d67)
  - OpenMP 201511 (a.k.a. OpenMP 4.5)
  - LAPACK is enabled (usually provided by MKL)
  - NNPACK is enabled
  - CPU capability usage: AVX2
  - CUDA Runtime 12.1
  - NVCC architecture flags: -gencode;arch=compute_50,code=sm_50;-gencode;arch=compute_60,code=sm_60;-gencode;arch=compute_70,code=sm_70;-gencode;arch=compute_75,code=sm_75;-gencode;arch=compute_80,code=sm_80;-gencode;arch=compute_86,code=sm_86;-gencode;arch=compute_90,code=sm_90
  - CuDNN 90.1  (built against CUDA 12.4)
  - Magma 2.6.1
  - Build settings: BLAS_INFO=mkl, BUILD_TYPE=Release, CUDA_VERSION=12.1, CUDNN_VERSION=9.1.0, CXX_COMPILER=/opt/rh/devtoolset-9/root/usr/bin/c++, CXX_FLAGS= -D_GLIBCXX_USE_CXX11_ABI=0 -fabi-version=11 -fvisibility-inlines-hidden -DUSE_PTHREADPOOL -DNDEBUG -DUSE_KINETO -DLIBKINETO_NOROCTRACER -DUSE_FBGEMM -DUSE_PYTORCH_QNNPACK -DUSE_XNNPACK -DSYMBOLICATE_MOBILE_DEBUG_HANDLE -O2 -fPIC -Wall -Wextra -Werror=return-type -Werror=non-virtual-dtor -Werror=bool-operation -Wnarrowing -Wno-missing-field-initializers -Wno-type-limits -Wno-array-bounds -Wno-unknown-pragmas -Wno-unused-parameter -Wno-unused-function -Wno-unused-result -Wno-strict-overflow -Wno-strict-aliasing -Wno-stringop-overflow -Wsuggest-override -Wno-psabi -Wno-error=pedantic -Wno-error=old-style-cast -Wno-missing-braces -fdiagnostics-color=always -faligned-new -Wno-unused-but-set-variable -Wno-maybe-uninitialized -fno-math-errno -fno-trapping-math -Werror=format -Wno-stringop-overflow, LAPACK_INFO=mkl, PERF_WITH_AVX=1, PERF_WITH_AVX2=1, PERF_WITH_AVX512=1, TORCH_VERSION=2.4.0, USE_CUDA=ON, USE_CUDNN=ON, USE_CUSPARSELT=1, USE_EXCEPTION_PTR=1, USE_GFLAGS=OFF, USE_GLOG=OFF, USE_GLOO=ON, USE_MKL=ON, USE_MKLDNN=ON, USE_MPI=OFF, USE_NCCL=1, USE_NNPACK=ON, USE_OPENMP=ON, USE_ROCM=OFF, USE_ROCM_KERNEL_ASSERT=OFF, 

    TorchVision: 0.19.0+cu121
    OpenCV: 4.10.0
    MMEngine: 0.10.4

Runtime environment:
    cudnn_benchmark: True
    mp_cfg: {'mp_start_method': 'fork', 'opencv_num_threads': 0}
    dist_cfg: {'backend': 'nccl'}
    seed: 853381960
    Distributed launcher: none
    Distributed training: False
    GPU number: 1
------------------------------------------------------------

2024/09/27 16:16:13 - mmengine - INFO - Config:
data_root = '/home/mila/q/qian.yang/scratch/segmentation_datasets/pascalvoc20/VOCdevkit/VOC2012'
dataset_type = 'PascalVOCDataset'
default_hooks = dict(
    checkpoint=dict(by_epoch=False, interval=2000, type='CheckpointHook'),
    logger=dict(interval=50, log_metric_by_epoch=False, type='LoggerHook'),
    param_scheduler=dict(type='ParamSchedulerHook'),
    sampler_seed=dict(type='DistSamplerSeedHook'),
    timer=dict(type='IterTimerHook'),
    visualization=dict(interval=2, type='SegVisualizationHook'))
default_scope = 'mmseg'
env_cfg = dict(
    cudnn_benchmark=True,
    dist_cfg=dict(backend='nccl'),
    mp_cfg=dict(mp_start_method='fork', opencv_num_threads=0))
launcher = 'none'
load_from = None
log_level = 'INFO'
log_processor = dict(by_epoch=False)
model = dict(
    device='cuda',
    gmp_groups=512,
    head_weights_path=
    '/network/scratch/l/le.zhang/light_align/logs/cc5mfrom12mraw_gtendinoL_bs_32768_lion_mean_lr_1e-5_star7L_d1024_scale10_negbias10/checkpoints/epoch_35.pt',
    linear_type='star',
    name_path=
    '/home/mila/q/qian.yang/Light_Align/evaluation/ClearCLIP/configs/cls_voc21.txt',
    precision='fp32',
    prob_thd=0.5,
    save_dir='/home/mila/q/qian.yang/scratch/tmp',
    target_dimension=1024,
    text_model_name='Alibaba-NLP/gte-large-en-v1.5',
    type='VLContrastModelSegmentation',
    use_gmp=False,
    vision_model_name='facebook/dinov2-large')
resume = False
test_cfg = dict(type='TestLoop')
test_dataloader = dict(
    batch_size=1,
    dataset=dict(
        ann_file='ImageSets/Segmentation/val.txt',
        data_prefix=dict(
            img_path='JPEGImages', seg_map_path='SegmentationClass'),
        data_root=
        '/home/mila/q/qian.yang/scratch/segmentation_datasets/pascalvoc20/VOCdevkit/VOC2012',
        pipeline=[
            dict(type='LoadImageFromFile'),
            dict(keep_ratio=True, scale=(
                2048,
                448,
            ), type='Resize'),
            dict(type='LoadAnnotations'),
            dict(type='PackSegInputs'),
        ],
        type='PascalVOCDataset'),
    num_workers=4,
    persistent_workers=True,
    sampler=dict(shuffle=False, type='DefaultSampler'))
test_evaluator = dict(
    iou_metrics=[
        'mIoU',
    ], type='IoUMetric')
test_pipeline = [
    dict(type='LoadImageFromFile'),
    dict(keep_ratio=True, scale=(
        2048,
        448,
    ), type='Resize'),
    dict(type='LoadAnnotations'),
    dict(type='PackSegInputs'),
]
vis_backends = [
    dict(type='LocalVisBackend'),
]
visualizer = dict(
    alpha=1.0,
    name='visualizer',
    type='SegLocalVisualizer',
    vis_backends=[
        dict(type='LocalVisBackend'),
    ])
work_dir = './segmentation'

2024/09/27 16:16:21 - mmengine - INFO - Distributed training is not used, all SyncBatchNorm (SyncBN) layers in the model will be automatically reverted to BatchNormXd layers if they are used.
2024/09/27 16:16:21 - mmengine - INFO - Hooks will be executed in the following order:
before_run:
(VERY_HIGH   ) RuntimeInfoHook                    
(BELOW_NORMAL) LoggerHook                         
 -------------------- 
before_train:
(VERY_HIGH   ) RuntimeInfoHook                    
(NORMAL      ) IterTimerHook                      
(VERY_LOW    ) CheckpointHook                     
 -------------------- 
before_train_epoch:
(VERY_HIGH   ) RuntimeInfoHook                    
(NORMAL      ) IterTimerHook                      
(NORMAL      ) DistSamplerSeedHook                
 -------------------- 
before_train_iter:
(VERY_HIGH   ) RuntimeInfoHook                    
(NORMAL      ) IterTimerHook                      
 -------------------- 
after_train_iter:
(VERY_HIGH   ) RuntimeInfoHook                    
(NORMAL      ) IterTimerHook                      
(BELOW_NORMAL) LoggerHook                         
(LOW         ) ParamSchedulerHook                 
(VERY_LOW    ) CheckpointHook                     
 -------------------- 
after_train_epoch:
(NORMAL      ) IterTimerHook                      
(LOW         ) ParamSchedulerHook                 
(VERY_LOW    ) CheckpointHook                     
 -------------------- 
before_val:
(VERY_HIGH   ) RuntimeInfoHook                    
 -------------------- 
before_val_epoch:
(NORMAL      ) IterTimerHook                      
 -------------------- 
before_val_iter:
(NORMAL      ) IterTimerHook                      
 -------------------- 
after_val_iter:
(NORMAL      ) IterTimerHook                      
(NORMAL      ) SegVisualizationHook               
(BELOW_NORMAL) LoggerHook                         
 -------------------- 
after_val_epoch:
(VERY_HIGH   ) RuntimeInfoHook                    
(NORMAL      ) IterTimerHook                      
(BELOW_NORMAL) LoggerHook                         
(LOW         ) ParamSchedulerHook                 
(VERY_LOW    ) CheckpointHook                     
 -------------------- 
after_val:
(VERY_HIGH   ) RuntimeInfoHook                    
 -------------------- 
after_train:
(VERY_HIGH   ) RuntimeInfoHook                    
(VERY_LOW    ) CheckpointHook                     
 -------------------- 
before_test:
(VERY_HIGH   ) RuntimeInfoHook                    
 -------------------- 
before_test_epoch:
(NORMAL      ) IterTimerHook                      
 -------------------- 
before_test_iter:
(NORMAL      ) IterTimerHook                      
 -------------------- 
after_test_iter:
(NORMAL      ) IterTimerHook                      
(NORMAL      ) SegVisualizationHook               
(BELOW_NORMAL) LoggerHook                         
 -------------------- 
after_test_epoch:
(VERY_HIGH   ) RuntimeInfoHook                    
(NORMAL      ) IterTimerHook                      
(BELOW_NORMAL) LoggerHook                         
 -------------------- 
after_test:
(VERY_HIGH   ) RuntimeInfoHook                    
 -------------------- 
after_run:
(BELOW_NORMAL) LoggerHook                         
 -------------------- 
2024/09/27 16:16:23 - mmengine - WARNING - The prefix is not set in metric class IoUMetric.
2024/09/27 16:16:35 - mmengine - INFO - Iter(test) [  50/1449]    eta: 0:04:22  time: 0.1308  data_time: 0.0340  memory: 5115  
2024/09/27 16:16:40 - mmengine - INFO - Iter(test) [ 100/1449]    eta: 0:03:14  time: 0.0943  data_time: 0.0015  memory: 5091  
2024/09/27 16:16:45 - mmengine - INFO - Iter(test) [ 150/1449]    eta: 0:02:47  time: 0.1027  data_time: 0.0015  memory: 5107  
2024/09/27 16:16:49 - mmengine - INFO - Iter(test) [ 200/1449]    eta: 0:02:30  time: 0.0943  data_time: 0.0014  memory: 5094  
2024/09/27 16:16:54 - mmengine - INFO - Iter(test) [ 250/1449]    eta: 0:02:18  time: 0.0904  data_time: 0.0015  memory: 5094  
2024/09/27 16:17:02 - mmengine - INFO - Iter(test) [ 300/1449]    eta: 0:02:21  time: 0.0909  data_time: 0.0012  memory: 5093  
2024/09/27 16:17:08 - mmengine - INFO - Iter(test) [ 350/1449]    eta: 0:02:14  time: 0.0862  data_time: 0.0012  memory: 5091  
2024/09/27 16:17:14 - mmengine - INFO - Iter(test) [ 400/1449]    eta: 0:02:08  time: 0.1347  data_time: 0.0340  memory: 5094  
2024/09/27 16:17:19 - mmengine - INFO - Iter(test) [ 450/1449]    eta: 0:01:59  time: 0.0950  data_time: 0.0017  memory: 5094  
2024/09/27 16:17:24 - mmengine - INFO - Iter(test) [ 500/1449]    eta: 0:01:51  time: 0.1022  data_time: 0.0014  memory: 5113  
2024/09/27 16:17:31 - mmengine - INFO - Iter(test) [ 550/1449]    eta: 0:01:47  time: 0.1728  data_time: 0.0837  memory: 5096  
2024/09/27 16:17:37 - mmengine - INFO - Iter(test) [ 600/1449]    eta: 0:01:41  time: 0.0908  data_time: 0.0017  memory: 5094  
2024/09/27 16:17:42 - mmengine - INFO - Iter(test) [ 650/1449]    eta: 0:01:34  time: 0.1023  data_time: 0.0015  memory: 5091  
2024/09/27 16:17:52 - mmengine - INFO - Iter(test) [ 700/1449]    eta: 0:01:32  time: 0.1491  data_time: 0.0563  memory: 5095  
2024/09/27 16:18:02 - mmengine - INFO - Iter(test) [ 750/1449]    eta: 0:01:30  time: 0.0867  data_time: 0.0016  memory: 5093  
2024/09/27 16:18:09 - mmengine - INFO - Iter(test) [ 800/1449]    eta: 0:01:24  time: 0.1372  data_time: 0.0207  memory: 5099  
2024/09/27 16:18:24 - mmengine - INFO - Iter(test) [ 850/1449]    eta: 0:01:24  time: 0.0863  data_time: 0.0013  memory: 5093  
2024/09/27 16:18:31 - mmengine - INFO - Iter(test) [ 900/1449]    eta: 0:01:16  time: 0.0942  data_time: 0.0015  memory: 5091  
2024/09/27 16:18:38 - mmengine - INFO - Iter(test) [ 950/1449]    eta: 0:01:09  time: 0.1299  data_time: 0.0370  memory: 5091  
2024/09/27 16:18:44 - mmengine - INFO - Iter(test) [1000/1449]    eta: 0:01:02  time: 0.0944  data_time: 0.0015  memory: 5096  
2024/09/27 16:18:48 - mmengine - INFO - Iter(test) [1050/1449]    eta: 0:00:54  time: 0.0875  data_time: 0.0022  memory: 5093  
2024/09/27 16:18:53 - mmengine - INFO - Iter(test) [1100/1449]    eta: 0:00:46  time: 0.1024  data_time: 0.0015  memory: 5102  
2024/09/27 16:18:58 - mmengine - INFO - Iter(test) [1150/1449]    eta: 0:00:39  time: 0.0952  data_time: 0.0018  memory: 5093  
2024/09/27 16:19:02 - mmengine - INFO - Iter(test) [1200/1449]    eta: 0:00:32  time: 0.0990  data_time: 0.0018  memory: 5094  
2024/09/27 16:19:07 - mmengine - INFO - Iter(test) [1250/1449]    eta: 0:00:25  time: 0.0910  data_time: 0.0017  memory: 5100  
2024/09/27 16:19:15 - mmengine - INFO - Iter(test) [1300/1449]    eta: 0:00:19  time: 0.1214  data_time: 0.0363  memory: 5094  
2024/09/27 16:19:22 - mmengine - INFO - Iter(test) [1350/1449]    eta: 0:00:12  time: 0.1019  data_time: 0.0012  memory: 5093  
2024/09/27 16:19:30 - mmengine - INFO - Iter(test) [1400/1449]    eta: 0:00:06  time: 0.1307  data_time: 0.0455  memory: 5091  
2024/09/27 16:19:42 - mmengine - INFO - per class results:
2024/09/27 16:19:42 - mmengine - INFO - 
+-------------+-------+-------+
|    Class    |  IoU  |  Acc  |
+-------------+-------+-------+
|  background | 66.03 | 80.73 |
|  aeroplane  |  10.0 | 30.67 |
|   bicycle   | 20.23 | 71.07 |
|     bird    | 22.71 | 57.01 |
|     boat    | 16.32 | 22.71 |
|    bottle   | 28.26 |  51.9 |
|     bus     |  52.3 | 87.13 |
|     car     | 13.62 | 14.01 |
|     cat     | 24.25 | 29.93 |
|    chair    |  19.3 | 22.91 |
|     cow     | 39.11 | 68.85 |
| diningtable | 22.49 | 25.18 |
|     dog     | 19.09 | 21.83 |
|    horse    | 37.09 | 47.83 |
|  motorbike  | 33.44 |  62.1 |
|    person   |  0.15 |  0.15 |
| pottedplant | 44.58 | 59.99 |
|    sheep    | 22.26 | 96.45 |
|     sofa    | 45.21 | 50.17 |
|    train    | 26.09 | 60.86 |
|  tvmonitor  | 43.49 | 54.55 |
+-------------+-------+-------+
2024/09/27 16:19:42 - mmengine - INFO - Iter(test) [1449/1449]    aAcc: 69.2400  mIoU: 28.8600  mAcc: 48.3800  data_time: 0.0438  time: 0.1357
