
======== GPU REPORT ========

==============NVSMI LOG==============

Timestamp                                 : Sun Jul 14 01:22:41 2024
Driver Version                            : 535.161.08
CUDA Version                              : 12.2

Attached GPUs                             : 1
GPU 00000000:41:00.0
    Accounting Mode                       : Enabled
    Accounting Mode Buffer Size           : 4000
    Accounted Processes
        Process ID                        : 3530108
            GPU Utilization               : 0 %
            Memory Utilization            : 0 %
            Max memory usage              : 1568 MiB
            Time                          : 0 ms
            Is Running                    : 1
        Process ID                        : 3531696
            GPU Utilization               : 0 %
            Memory Utilization            : 0 %
            Max memory usage              : 2080 MiB
            Time                          : 0 ms
            Is Running                    : 1
        Process ID                        : 3533807
            GPU Utilization               : 0 %
            Memory Utilization            : 0 %
            Max memory usage              : 4614 MiB
            Time                          : 0 ms
            Is Running                    : 1

Sun Jul 14 01:22:41 2024       
+---------------------------------------------------------------------------------------+
| NVIDIA-SMI 535.161.08             Driver Version: 535.161.08   CUDA Version: 12.2     |
|-----------------------------------------+----------------------+----------------------+
| GPU  Name                 Persistence-M | Bus-Id        Disp.A | Volatile Uncorr. ECC |
| Fan  Temp   Perf          Pwr:Usage/Cap |         Memory-Usage | GPU-Util  Compute M. |
|                                         |                      |               MIG M. |
|=========================================+======================+======================|
|   0  NVIDIA A100-SXM4-80GB          On  | 00000000:41:00.0 Off |                    0 |
| N/A   28C    P0              74W / 500W |   8277MiB / 81920MiB |      0%      Default |
|                                         |                      |             Disabled |
+-----------------------------------------+----------------------+----------------------+
                                                                                         
+---------------------------------------------------------------------------------------+
| Processes:                                                                            |
|  GPU   GI   CI        PID   Type   Process name                            GPU Memory |
|        ID   ID                                                             Usage      |
|=======================================================================================|
|    0   N/A  N/A   3530108      C   python                                     1568MiB |
|    0   N/A  N/A   3531696      C   python                                     2080MiB |
|    0   N/A  N/A   3533807      C   python                                     4614MiB |
+---------------------------------------------------------------------------------------+
