2024/09/27 16:08:26 - mmengine - INFO - 
------------------------------------------------------------
System environment:
    sys.platform: linux
    Python: 3.10.4 (main, Mar 31 2022, 08:41:55) [GCC 7.5.0]
    CUDA available: True
    MUSA available: False
    numpy_random_seed: 1555649376
    GPU 0: NVIDIA A100-SXM4-80GB
    CUDA_HOME: /cvmfs/ai.mila.quebec/apps/arch/common/cuda/11.8
    NVCC: Cuda compilation tools, release 11.8, V11.8.89
    GCC: gcc (Ubuntu 11.4.0-1ubuntu1~22.04) 11.4.0
    PyTorch: 2.4.0+cu121
    PyTorch compiling details: PyTorch built with:
  - GCC 9.3
  - C++ Version: 201703
  - Intel(R) oneAPI Math Kernel Library Version 2022.2-Product Build 20220804 for Intel(R) 64 architecture applications
  - Intel(R) MKL-DNN v3.4.2 (Git Hash 1137e04ec0b5251ca2b4400a4fd3c667ce843d67)
  - OpenMP 201511 (a.k.a. OpenMP 4.5)
  - LAPACK is enabled (usually provided by MKL)
  - NNPACK is enabled
  - CPU capability usage: AVX2
  - CUDA Runtime 12.1
  - NVCC architecture flags: -gencode;arch=compute_50,code=sm_50;-gencode;arch=compute_60,code=sm_60;-gencode;arch=compute_70,code=sm_70;-gencode;arch=compute_75,code=sm_75;-gencode;arch=compute_80,code=sm_80;-gencode;arch=compute_86,code=sm_86;-gencode;arch=compute_90,code=sm_90
  - CuDNN 90.1  (built against CUDA 12.4)
  - Magma 2.6.1
  - Build settings: BLAS_INFO=mkl, BUILD_TYPE=Release, CUDA_VERSION=12.1, CUDNN_VERSION=9.1.0, CXX_COMPILER=/opt/rh/devtoolset-9/root/usr/bin/c++, CXX_FLAGS= -D_GLIBCXX_USE_CXX11_ABI=0 -fabi-version=11 -fvisibility-inlines-hidden -DUSE_PTHREADPOOL -DNDEBUG -DUSE_KINETO -DLIBKINETO_NOROCTRACER -DUSE_FBGEMM -DUSE_PYTORCH_QNNPACK -DUSE_XNNPACK -DSYMBOLICATE_MOBILE_DEBUG_HANDLE -O2 -fPIC -Wall -Wextra -Werror=return-type -Werror=non-virtual-dtor -Werror=bool-operation -Wnarrowing -Wno-missing-field-initializers -Wno-type-limits -Wno-array-bounds -Wno-unknown-pragmas -Wno-unused-parameter -Wno-unused-function -Wno-unused-result -Wno-strict-overflow -Wno-strict-aliasing -Wno-stringop-overflow -Wsuggest-override -Wno-psabi -Wno-error=pedantic -Wno-error=old-style-cast -Wno-missing-braces -fdiagnostics-color=always -faligned-new -Wno-unused-but-set-variable -Wno-maybe-uninitialized -fno-math-errno -fno-trapping-math -Werror=format -Wno-stringop-overflow, LAPACK_INFO=mkl, PERF_WITH_AVX=1, PERF_WITH_AVX2=1, PERF_WITH_AVX512=1, TORCH_VERSION=2.4.0, USE_CUDA=ON, USE_CUDNN=ON, USE_CUSPARSELT=1, USE_EXCEPTION_PTR=1, USE_GFLAGS=OFF, USE_GLOG=OFF, USE_GLOO=ON, USE_MKL=ON, USE_MKLDNN=ON, USE_MPI=OFF, USE_NCCL=1, USE_NNPACK=ON, USE_OPENMP=ON, USE_ROCM=OFF, USE_ROCM_KERNEL_ASSERT=OFF, 

    TorchVision: 0.19.0+cu121
    OpenCV: 4.10.0
    MMEngine: 0.10.4

Runtime environment:
    cudnn_benchmark: True
    mp_cfg: {'mp_start_method': 'fork', 'opencv_num_threads': 0}
    dist_cfg: {'backend': 'nccl'}
    seed: 1555649376
    Distributed launcher: none
    Distributed training: False
    GPU number: 1
------------------------------------------------------------

2024/09/27 16:08:27 - mmengine - INFO - Config:
data_root = '/home/mila/q/qian.yang/scratch/segmentation_datasets/ADEChallengeData2016'
dataset_type = 'ADE20KDataset'
default_hooks = dict(
    checkpoint=dict(by_epoch=False, interval=2000, type='CheckpointHook'),
    logger=dict(interval=50, log_metric_by_epoch=False, type='LoggerHook'),
    param_scheduler=dict(type='ParamSchedulerHook'),
    sampler_seed=dict(type='DistSamplerSeedHook'),
    timer=dict(type='IterTimerHook'),
    visualization=dict(interval=2, type='SegVisualizationHook'))
default_scope = 'mmseg'
env_cfg = dict(
    cudnn_benchmark=True,
    dist_cfg=dict(backend='nccl'),
    mp_cfg=dict(mp_start_method='fork', opencv_num_threads=0))
launcher = 'none'
load_from = None
log_level = 'INFO'
log_processor = dict(by_epoch=False)
model = dict(
    device='cuda',
    gmp_groups=512,
    head_weights_path=
    '/network/scratch/l/le.zhang/light_align/logs/cc5mfrom12mraw_gtendinoL_bs_32768_lion_mean_lr_1e-5_star7L_d1024_scale10_negbias10/checkpoints/epoch_35.pt',
    linear_type='star',
    name_path=
    '/home/mila/q/qian.yang/Light_Align/evaluation/ClearCLIP/configs/cls_ade20k.txt',
    precision='fp32',
    save_dir='/home/mila/q/qian.yang/scratch/tmp',
    target_dimension=1024,
    text_model_name='Alibaba-NLP/gte-large-en-v1.5',
    type='VLContrastModelSegmentation',
    use_gmp=False,
    vision_model_name='facebook/dinov2-large')
resume = False
test_cfg = dict(type='TestLoop')
test_dataloader = dict(
    batch_size=1,
    dataset=dict(
        data_prefix=dict(
            img_path='images/validation',
            seg_map_path='annotations/validation'),
        data_root=
        '/home/mila/q/qian.yang/scratch/segmentation_datasets/ADEChallengeData2016',
        pipeline=[
            dict(type='LoadImageFromFile'),
            dict(keep_ratio=True, scale=(
                2048,
                448,
            ), type='Resize'),
            dict(reduce_zero_label=True, type='LoadAnnotations'),
            dict(type='PackSegInputs'),
        ],
        type='ADE20KDataset'),
    num_workers=4,
    persistent_workers=True,
    sampler=dict(shuffle=False, type='DefaultSampler'))
test_evaluator = dict(
    iou_metrics=[
        'mIoU',
    ], type='IoUMetric')
test_pipeline = [
    dict(type='LoadImageFromFile'),
    dict(keep_ratio=True, scale=(
        2048,
        448,
    ), type='Resize'),
    dict(reduce_zero_label=True, type='LoadAnnotations'),
    dict(type='PackSegInputs'),
]
vis_backends = [
    dict(type='LocalVisBackend'),
]
visualizer = dict(
    alpha=1.0,
    name='visualizer',
    type='SegLocalVisualizer',
    vis_backends=[
        dict(type='LocalVisBackend'),
    ])
work_dir = './segmentation'

2024/09/27 16:08:34 - mmengine - INFO - Distributed training is not used, all SyncBatchNorm (SyncBN) layers in the model will be automatically reverted to BatchNormXd layers if they are used.
2024/09/27 16:08:34 - mmengine - INFO - Hooks will be executed in the following order:
before_run:
(VERY_HIGH   ) RuntimeInfoHook                    
(BELOW_NORMAL) LoggerHook                         
 -------------------- 
before_train:
(VERY_HIGH   ) RuntimeInfoHook                    
(NORMAL      ) IterTimerHook                      
(VERY_LOW    ) CheckpointHook                     
 -------------------- 
before_train_epoch:
(VERY_HIGH   ) RuntimeInfoHook                    
(NORMAL      ) IterTimerHook                      
(NORMAL      ) DistSamplerSeedHook                
 -------------------- 
before_train_iter:
(VERY_HIGH   ) RuntimeInfoHook                    
(NORMAL      ) IterTimerHook                      
 -------------------- 
after_train_iter:
(VERY_HIGH   ) RuntimeInfoHook                    
(NORMAL      ) IterTimerHook                      
(BELOW_NORMAL) LoggerHook                         
(LOW         ) ParamSchedulerHook                 
(VERY_LOW    ) CheckpointHook                     
 -------------------- 
after_train_epoch:
(NORMAL      ) IterTimerHook                      
(LOW         ) ParamSchedulerHook                 
(VERY_LOW    ) CheckpointHook                     
 -------------------- 
before_val:
(VERY_HIGH   ) RuntimeInfoHook                    
 -------------------- 
before_val_epoch:
(NORMAL      ) IterTimerHook                      
 -------------------- 
before_val_iter:
(NORMAL      ) IterTimerHook                      
 -------------------- 
after_val_iter:
(NORMAL      ) IterTimerHook                      
(NORMAL      ) SegVisualizationHook               
(BELOW_NORMAL) LoggerHook                         
 -------------------- 
after_val_epoch:
(VERY_HIGH   ) RuntimeInfoHook                    
(NORMAL      ) IterTimerHook                      
(BELOW_NORMAL) LoggerHook                         
(LOW         ) ParamSchedulerHook                 
(VERY_LOW    ) CheckpointHook                     
 -------------------- 
after_val:
(VERY_HIGH   ) RuntimeInfoHook                    
 -------------------- 
after_train:
(VERY_HIGH   ) RuntimeInfoHook                    
(VERY_LOW    ) CheckpointHook                     
 -------------------- 
before_test:
(VERY_HIGH   ) RuntimeInfoHook                    
 -------------------- 
before_test_epoch:
(NORMAL      ) IterTimerHook                      
 -------------------- 
before_test_iter:
(NORMAL      ) IterTimerHook                      
 -------------------- 
after_test_iter:
(NORMAL      ) IterTimerHook                      
(NORMAL      ) SegVisualizationHook               
(BELOW_NORMAL) LoggerHook                         
 -------------------- 
after_test_epoch:
(VERY_HIGH   ) RuntimeInfoHook                    
(NORMAL      ) IterTimerHook                      
(BELOW_NORMAL) LoggerHook                         
 -------------------- 
after_test:
(VERY_HIGH   ) RuntimeInfoHook                    
 -------------------- 
after_run:
(BELOW_NORMAL) LoggerHook                         
 -------------------- 
2024/09/27 16:08:35 - mmengine - WARNING - The prefix is not set in metric class IoUMetric.
2024/09/27 16:08:46 - mmengine - INFO - Iter(test) [  50/2000]    eta: 0:07:18  time: 0.0900  data_time: 0.0011  memory: 5360  
2024/09/27 16:08:58 - mmengine - INFO - Iter(test) [ 100/2000]    eta: 0:07:09  time: 0.0943  data_time: 0.0013  memory: 5351  
2024/09/27 16:09:03 - mmengine - INFO - Iter(test) [ 150/2000]    eta: 0:05:43  time: 0.1266  data_time: 0.0376  memory: 5304  
2024/09/27 16:09:10 - mmengine - INFO - Iter(test) [ 200/2000]    eta: 0:05:12  time: 0.0902  data_time: 0.0015  memory: 5425  
2024/09/27 16:09:14 - mmengine - INFO - Iter(test) [ 250/2000]    eta: 0:04:33  time: 0.0900  data_time: 0.0014  memory: 5476  
2024/09/27 16:09:18 - mmengine - INFO - Iter(test) [ 300/2000]    eta: 0:04:05  time: 0.0869  data_time: 0.0016  memory: 5346  
2024/09/27 16:09:23 - mmengine - INFO - Iter(test) [ 350/2000]    eta: 0:03:44  time: 0.0782  data_time: 0.0015  memory: 5346  
2024/09/27 16:09:28 - mmengine - INFO - Iter(test) [ 400/2000]    eta: 0:03:30  time: 0.0902  data_time: 0.0016  memory: 5349  
2024/09/27 16:09:32 - mmengine - INFO - Iter(test) [ 450/2000]    eta: 0:03:14  time: 0.0912  data_time: 0.0145  memory: 5743  
2024/09/27 16:09:36 - mmengine - INFO - Iter(test) [ 500/2000]    eta: 0:03:02  time: 0.0825  data_time: 0.0016  memory: 5303  
2024/09/27 16:09:41 - mmengine - INFO - Iter(test) [ 550/2000]    eta: 0:02:52  time: 0.0948  data_time: 0.0017  memory: 5343  
2024/09/27 16:09:45 - mmengine - INFO - Iter(test) [ 600/2000]    eta: 0:02:43  time: 0.0961  data_time: 0.0019  memory: 5349  
2024/09/27 16:09:49 - mmengine - INFO - Iter(test) [ 650/2000]    eta: 0:02:34  time: 0.0819  data_time: 0.0014  memory: 5363  
2024/09/27 16:09:54 - mmengine - INFO - Iter(test) [ 700/2000]    eta: 0:02:26  time: 0.0946  data_time: 0.0016  memory: 5360  
2024/09/27 16:10:00 - mmengine - INFO - Iter(test) [ 750/2000]    eta: 0:02:20  time: 0.0859  data_time: 0.0014  memory: 5372  
2024/09/27 16:10:10 - mmengine - INFO - Iter(test) [ 800/2000]    eta: 0:02:23  time: 0.1663  data_time: 0.0810  memory: 5305  
2024/09/27 16:10:15 - mmengine - INFO - Iter(test) [ 850/2000]    eta: 0:02:14  time: 0.0870  data_time: 0.0017  memory: 5298  
2024/09/27 16:10:19 - mmengine - INFO - Iter(test) [ 900/2000]    eta: 0:02:07  time: 0.0739  data_time: 0.0015  memory: 5321  
2024/09/27 16:10:28 - mmengine - INFO - Iter(test) [ 950/2000]    eta: 0:02:04  time: 0.0825  data_time: 0.0016  memory: 5339  
2024/09/27 16:10:35 - mmengine - INFO - Iter(test) [1000/2000]    eta: 0:02:00  time: 0.3075  data_time: 0.2243  memory: 5341  
2024/09/27 16:10:42 - mmengine - INFO - Iter(test) [1050/2000]    eta: 0:01:54  time: 0.0902  data_time: 0.0015  memory: 5374  
2024/09/27 16:10:46 - mmengine - INFO - Iter(test) [1100/2000]    eta: 0:01:47  time: 0.0787  data_time: 0.0016  memory: 5331  
2024/09/27 16:10:53 - mmengine - INFO - Iter(test) [1150/2000]    eta: 0:01:41  time: 0.2791  data_time: 0.1926  memory: 5326  
2024/09/27 16:11:02 - mmengine - INFO - Iter(test) [1200/2000]    eta: 0:01:37  time: 0.0822  data_time: 0.0015  memory: 7137  
2024/09/27 16:11:07 - mmengine - INFO - Iter(test) [1250/2000]    eta: 0:01:30  time: 0.1714  data_time: 0.0907  memory: 5317  
2024/09/27 16:11:10 - mmengine - INFO - Iter(test) [1300/2000]    eta: 0:01:23  time: 0.0915  data_time: 0.0024  memory: 5298  
2024/09/27 16:11:15 - mmengine - INFO - Iter(test) [1350/2000]    eta: 0:01:16  time: 0.0741  data_time: 0.0014  memory: 5300  
2024/09/27 16:11:19 - mmengine - INFO - Iter(test) [1400/2000]    eta: 0:01:10  time: 0.0940  data_time: 0.0015  memory: 5340  
2024/09/27 16:11:23 - mmengine - INFO - Iter(test) [1450/2000]    eta: 0:01:03  time: 0.0900  data_time: 0.0014  memory: 5340  
2024/09/27 16:11:37 - mmengine - INFO - Iter(test) [1500/2000]    eta: 0:01:00  time: 0.9213  data_time: 0.8474  memory: 5298  
2024/09/27 16:11:58 - mmengine - INFO - Iter(test) [1550/2000]    eta: 0:00:58  time: 0.9917  data_time: 0.8980  memory: 5333  
2024/09/27 16:12:02 - mmengine - INFO - Iter(test) [1600/2000]    eta: 0:00:51  time: 0.0826  data_time: 0.0016  memory: 5296  
2024/09/27 16:12:07 - mmengine - INFO - Iter(test) [1650/2000]    eta: 0:00:44  time: 0.0737  data_time: 0.0011  memory: 5429  
2024/09/27 16:12:20 - mmengine - INFO - Iter(test) [1700/2000]    eta: 0:00:39  time: 0.1057  data_time: 0.0245  memory: 5338  
2024/09/27 16:12:32 - mmengine - INFO - Iter(test) [1750/2000]    eta: 0:00:33  time: 0.0781  data_time: 0.0015  memory: 5343  
2024/09/27 16:12:38 - mmengine - INFO - Iter(test) [1800/2000]    eta: 0:00:26  time: 0.0869  data_time: 0.0016  memory: 5307  
2024/09/27 16:12:48 - mmengine - INFO - Iter(test) [1850/2000]    eta: 0:00:20  time: 0.0873  data_time: 0.0020  memory: 5269  
2024/09/27 16:12:53 - mmengine - INFO - Iter(test) [1900/2000]    eta: 0:00:13  time: 0.1317  data_time: 0.0508  memory: 5361  
2024/09/27 16:13:02 - mmengine - INFO - Iter(test) [1950/2000]    eta: 0:00:06  time: 0.0821  data_time: 0.0012  memory: 5455  
2024/09/27 16:13:06 - mmengine - INFO - Iter(test) [2000/2000]    eta: 0:00:00  time: 0.0740  data_time: 0.0014  memory: 5366  
2024/09/27 16:13:06 - mmengine - INFO - per class results:
2024/09/27 16:13:06 - mmengine - INFO - 
+---------------------+-------+-------+
|        Class        |  IoU  |  Acc  |
+---------------------+-------+-------+
|         wall        |  5.25 |  5.43 |
|       building      | 21.72 | 23.99 |
|         sky         |  5.27 |  5.31 |
|        floor        | 44.85 | 50.19 |
|         tree        | 13.46 |  14.4 |
|       ceiling       | 43.73 | 65.05 |
|         road        | 20.04 | 26.61 |
|         bed         | 58.28 | 85.79 |
|      windowpane     | 24.94 | 41.08 |
|        grass        | 16.26 | 17.71 |
|       cabinet       | 18.89 | 27.74 |
|       sidewalk      | 16.07 | 64.67 |
|        person       |  2.57 |  2.66 |
|        earth        |  0.01 |  0.01 |
|         door        | 20.82 | 35.79 |
|        table        |  19.9 | 33.08 |
|       mountain      | 21.69 | 28.34 |
|        plant        | 13.32 | 14.15 |
|       curtain       | 37.09 | 72.93 |
|        chair        | 17.33 | 21.05 |
|         car         | 33.19 | 44.75 |
|        water        |  7.68 |  8.35 |
|       painting      | 26.49 | 44.53 |
|         sofa        | 43.47 | 75.63 |
|        shelf        | 20.81 | 38.53 |
|        house        |  11.7 | 40.72 |
|         sea         | 14.51 | 19.45 |
|        mirror       | 22.87 | 40.27 |
|         rug         | 31.03 |  62.0 |
|        field        | 11.87 | 35.85 |
|       armchair      | 25.07 | 45.38 |
|         seat        | 14.82 | 23.46 |
|        fence        | 12.95 | 40.21 |
|         desk        | 14.66 | 59.24 |
|         rock        |  13.5 | 39.67 |
|       wardrobe      | 20.91 | 48.21 |
|         lamp        | 24.49 | 46.29 |
|       bathtub       | 24.92 |  78.3 |
|       railing       |  8.99 | 17.47 |
|       cushion       | 30.22 | 38.43 |
|         base        |  0.0  |  0.0  |
|         box         |  8.69 | 10.97 |
|        column       |  6.52 | 20.07 |
|      signboard      | 16.51 | 42.93 |
|   chest of drawers  |  1.45 |  3.78 |
|       counter       |  2.15 |  7.17 |
|         sand        | 40.13 | 68.38 |
|         sink        | 28.96 |  85.0 |
|      skyscraper     | 13.81 | 71.78 |
|      fireplace      | 19.15 | 95.72 |
|     refrigerator    | 19.28 | 53.84 |
|      grandstand     |  7.92 | 78.46 |
|         path        |  5.06 | 26.74 |
|        stairs       |  7.21 | 24.03 |
|        runway       | 15.31 | 67.43 |
|         case        |  0.0  |  0.01 |
|      pool table     | 13.38 | 96.76 |
|        pillow       |  3.24 |  3.66 |
|     screen door     |  0.42 |  1.33 |
|       stairway      |  1.63 |  8.16 |
|        river        |  5.53 | 36.99 |
|        bridge       |  9.25 |  50.6 |
|       bookcase      | 10.68 | 65.49 |
|        blind        |  0.26 |  0.36 |
|     coffee table    | 32.18 | 77.48 |
|        toilet       | 21.67 |  93.3 |
|        flower       | 13.04 | 21.13 |
|         book        |  6.49 |  7.47 |
|         hill        |  1.96 | 16.08 |
|        bench        |  9.05 | 52.58 |
|      countertop     |  5.05 | 22.79 |
|        stove        | 12.69 | 62.05 |
|         palm        | 13.52 |  27.0 |
|    kitchen island   |  4.35 | 29.11 |
|       computer      | 29.05 | 70.13 |
|     swivel chair    |  0.0  |  0.0  |
|         boat        | 19.39 | 81.23 |
|         bar         | 15.32 | 61.13 |
|    arcade machine   |  6.99 | 89.27 |
|        hovel        |  0.7  |  3.43 |
|         bus         | 19.07 | 95.81 |
|        towel        | 27.25 | 42.53 |
|        light        |  0.21 |  0.7  |
|        truck        | 16.21 | 49.81 |
|        tower        |  3.52 | 62.43 |
|      chandelier     | 13.38 | 96.36 |
|        awning       |  3.33 | 41.41 |
|     streetlight     |  1.39 | 41.77 |
|        booth        |  2.03 | 21.72 |
| television receiver | 12.43 | 39.55 |
|       airplane      |  7.83 | 61.83 |
|      dirt track     |  0.01 |  0.55 |
|       apparel       |  0.31 |  0.76 |
|         pole        |  0.67 |  4.04 |
|         land        |  2.88 | 19.39 |
|      bannister      |  0.24 |  11.0 |
|      escalator      |  6.35 | 86.13 |
|       ottoman       |  0.57 |  6.66 |
|        bottle       |  4.96 |  6.35 |
|        buffet       |  0.03 |  0.39 |
|        poster       |  1.26 |  2.46 |
|        stage        |  5.34 | 94.91 |
|         van         |  7.32 | 59.34 |
|         ship        |  9.76 | 22.11 |
|       fountain      | 14.71 |  97.8 |
|    conveyer belt    |  7.11 | 66.37 |
|        canopy       |  0.29 |  2.07 |
|        washer       | 28.66 | 87.92 |
|      plaything      |  4.1  | 18.22 |
|    swimming pool    | 13.74 | 97.74 |
|        stool        |  9.17 | 56.81 |
|        barrel       |  0.29 | 94.24 |
|        basket       | 11.53 | 52.71 |
|      waterfall      | 10.45 | 96.42 |
|         tent        |  9.14 | 100.0 |
|         bag         |  7.44 |  9.68 |
|       minibike      | 19.72 | 84.34 |
|        cradle       |  5.73 | 25.26 |
|         oven        |  1.44 | 12.42 |
|         ball        |  5.69 | 63.79 |
|         food        |  1.27 |  1.32 |
|         step        |  0.12 |  0.47 |
|         tank        |  1.05 |  2.25 |
|      trade name     |  4.85 | 18.25 |
|      microwave      | 16.24 | 56.55 |
|         pot         |  6.07 | 13.85 |
|        animal       | 21.57 | 29.62 |
|       bicycle       | 17.65 | 73.82 |
|         lake        |  5.52 | 48.26 |
|      dishwasher     |  0.77 |  1.72 |
|        screen       |  5.95 | 11.07 |
|       blanket       |  5.15 |  18.0 |
|      sculpture      | 14.89 | 65.37 |
|         hood        |  0.01 |  0.04 |
|        sconce       |  0.78 |  7.01 |
|         vase        |  8.44 | 19.94 |
|    traffic light    |  1.48 | 21.31 |
|         tray        |  2.53 |  6.06 |
|        ashcan       |  0.05 |  0.17 |
|         fan         |  0.38 |  0.68 |
|         pier        |  1.7  | 91.71 |
|      crt screen     |  1.09 |  11.5 |
|        plate        | 27.82 | 38.35 |
|       monitor       |  4.82 | 13.11 |
|    bulletin board   |  3.65 | 44.13 |
|        shower       |  0.3  | 63.96 |
|       radiator      |  5.06 | 32.02 |
|        glass        |  0.17 |  0.47 |
|        clock        | 14.13 | 29.71 |
|         flag        | 22.64 | 65.74 |
+---------------------+-------+-------+
2024/09/27 16:13:06 - mmengine - INFO - Iter(test) [2000/2000]    aAcc: 28.2200  mIoU: 11.7000  mAcc: 38.2500  data_time: 0.0527  time: 0.1354
