2024/09/27 16:02:23 - mmengine - INFO - 
------------------------------------------------------------
System environment:
    sys.platform: linux
    Python: 3.10.4 (main, Mar 31 2022, 08:41:55) [GCC 7.5.0]
    CUDA available: True
    MUSA available: False
    numpy_random_seed: 1530181303
    GPU 0: NVIDIA A100-SXM4-80GB
    CUDA_HOME: /cvmfs/ai.mila.quebec/apps/arch/common/cuda/11.8
    NVCC: Cuda compilation tools, release 11.8, V11.8.89
    GCC: gcc (Ubuntu 11.4.0-1ubuntu1~22.04) 11.4.0
    PyTorch: 2.4.0+cu121
    PyTorch compiling details: PyTorch built with:
  - GCC 9.3
  - C++ Version: 201703
  - Intel(R) oneAPI Math Kernel Library Version 2022.2-Product Build 20220804 for Intel(R) 64 architecture applications
  - Intel(R) MKL-DNN v3.4.2 (Git Hash 1137e04ec0b5251ca2b4400a4fd3c667ce843d67)
  - OpenMP 201511 (a.k.a. OpenMP 4.5)
  - LAPACK is enabled (usually provided by MKL)
  - NNPACK is enabled
  - CPU capability usage: AVX2
  - CUDA Runtime 12.1
  - NVCC architecture flags: -gencode;arch=compute_50,code=sm_50;-gencode;arch=compute_60,code=sm_60;-gencode;arch=compute_70,code=sm_70;-gencode;arch=compute_75,code=sm_75;-gencode;arch=compute_80,code=sm_80;-gencode;arch=compute_86,code=sm_86;-gencode;arch=compute_90,code=sm_90
  - CuDNN 90.1  (built against CUDA 12.4)
  - Magma 2.6.1
  - Build settings: BLAS_INFO=mkl, BUILD_TYPE=Release, CUDA_VERSION=12.1, CUDNN_VERSION=9.1.0, CXX_COMPILER=/opt/rh/devtoolset-9/root/usr/bin/c++, CXX_FLAGS= -D_GLIBCXX_USE_CXX11_ABI=0 -fabi-version=11 -fvisibility-inlines-hidden -DUSE_PTHREADPOOL -DNDEBUG -DUSE_KINETO -DLIBKINETO_NOROCTRACER -DUSE_FBGEMM -DUSE_PYTORCH_QNNPACK -DUSE_XNNPACK -DSYMBOLICATE_MOBILE_DEBUG_HANDLE -O2 -fPIC -Wall -Wextra -Werror=return-type -Werror=non-virtual-dtor -Werror=bool-operation -Wnarrowing -Wno-missing-field-initializers -Wno-type-limits -Wno-array-bounds -Wno-unknown-pragmas -Wno-unused-parameter -Wno-unused-function -Wno-unused-result -Wno-strict-overflow -Wno-strict-aliasing -Wno-stringop-overflow -Wsuggest-override -Wno-psabi -Wno-error=pedantic -Wno-error=old-style-cast -Wno-missing-braces -fdiagnostics-color=always -faligned-new -Wno-unused-but-set-variable -Wno-maybe-uninitialized -fno-math-errno -fno-trapping-math -Werror=format -Wno-stringop-overflow, LAPACK_INFO=mkl, PERF_WITH_AVX=1, PERF_WITH_AVX2=1, PERF_WITH_AVX512=1, TORCH_VERSION=2.4.0, USE_CUDA=ON, USE_CUDNN=ON, USE_CUSPARSELT=1, USE_EXCEPTION_PTR=1, USE_GFLAGS=OFF, USE_GLOG=OFF, USE_GLOO=ON, USE_MKL=ON, USE_MKLDNN=ON, USE_MPI=OFF, USE_NCCL=1, USE_NNPACK=ON, USE_OPENMP=ON, USE_ROCM=OFF, USE_ROCM_KERNEL_ASSERT=OFF, 

    TorchVision: 0.19.0+cu121
    OpenCV: 4.10.0
    MMEngine: 0.10.4

Runtime environment:
    cudnn_benchmark: True
    mp_cfg: {'mp_start_method': 'fork', 'opencv_num_threads': 0}
    dist_cfg: {'backend': 'nccl'}
    seed: 1530181303
    Distributed launcher: none
    Distributed training: False
    GPU number: 1
------------------------------------------------------------

2024/09/27 16:02:25 - mmengine - INFO - Config:
data_root = '/home/mila/q/qian.yang/scratch/segmentation_datasets/pascalvoc20/VOCdevkit/VOC2012'
dataset_type = 'PascalVOC20Dataset'
default_hooks = dict(
    checkpoint=dict(by_epoch=False, interval=2000, type='CheckpointHook'),
    logger=dict(interval=50, log_metric_by_epoch=False, type='LoggerHook'),
    param_scheduler=dict(type='ParamSchedulerHook'),
    sampler_seed=dict(type='DistSamplerSeedHook'),
    timer=dict(type='IterTimerHook'),
    visualization=dict(interval=2, type='SegVisualizationHook'))
default_scope = 'mmseg'
env_cfg = dict(
    cudnn_benchmark=True,
    dist_cfg=dict(backend='nccl'),
    mp_cfg=dict(mp_start_method='fork', opencv_num_threads=0))
launcher = 'none'
load_from = None
log_level = 'INFO'
log_processor = dict(by_epoch=False)
model = dict(
    device='cuda',
    gmp_groups=512,
    head_weights_path=
    '/network/scratch/l/le.zhang/light_align/logs/cc5mfrom12mraw_gtendinoL_bs_32768_lion_mean_lr_1e-5_star7L_d1024_scale10_negbias10/checkpoints/epoch_35.pt',
    linear_type='star',
    name_path=
    '/home/mila/q/qian.yang/Light_Align/evaluation/ClearCLIP/configs/cls_voc20.txt',
    precision='fp32',
    save_dir='/home/mila/q/qian.yang/scratch/tmp',
    target_dimension=1024,
    text_model_name='Alibaba-NLP/gte-large-en-v1.5',
    type='VLContrastModelSegmentation',
    use_gmp=False,
    vision_model_name='facebook/dinov2-large')
resume = False
test_cfg = dict(type='TestLoop')
test_dataloader = dict(
    batch_size=1,
    dataset=dict(
        ann_file='ImageSets/Segmentation/val.txt',
        data_prefix=dict(
            img_path='JPEGImages', seg_map_path='SegmentationClass'),
        data_root=
        '/home/mila/q/qian.yang/scratch/segmentation_datasets/pascalvoc20/VOCdevkit/VOC2012',
        pipeline=[
            dict(type='LoadImageFromFile'),
            dict(keep_ratio=True, scale=(
                2048,
                448,
            ), type='Resize'),
            dict(type='LoadAnnotations'),
            dict(type='PackSegInputs'),
        ],
        type='PascalVOC20Dataset'),
    num_workers=4,
    persistent_workers=True,
    sampler=dict(shuffle=False, type='DefaultSampler'))
test_evaluator = dict(
    iou_metrics=[
        'mIoU',
    ], type='IoUMetric')
test_pipeline = [
    dict(type='LoadImageFromFile'),
    dict(keep_ratio=True, scale=(
        2048,
        448,
    ), type='Resize'),
    dict(type='LoadAnnotations'),
    dict(type='PackSegInputs'),
]
vis_backends = [
    dict(type='LocalVisBackend'),
]
visualizer = dict(
    alpha=1.0,
    name='visualizer',
    type='SegLocalVisualizer',
    vis_backends=[
        dict(type='LocalVisBackend'),
    ])
work_dir = './segmentation'

2024/09/27 16:02:33 - mmengine - INFO - Distributed training is not used, all SyncBatchNorm (SyncBN) layers in the model will be automatically reverted to BatchNormXd layers if they are used.
2024/09/27 16:02:33 - mmengine - INFO - Hooks will be executed in the following order:
before_run:
(VERY_HIGH   ) RuntimeInfoHook                    
(BELOW_NORMAL) LoggerHook                         
 -------------------- 
before_train:
(VERY_HIGH   ) RuntimeInfoHook                    
(NORMAL      ) IterTimerHook                      
(VERY_LOW    ) CheckpointHook                     
 -------------------- 
before_train_epoch:
(VERY_HIGH   ) RuntimeInfoHook                    
(NORMAL      ) IterTimerHook                      
(NORMAL      ) DistSamplerSeedHook                
 -------------------- 
before_train_iter:
(VERY_HIGH   ) RuntimeInfoHook                    
(NORMAL      ) IterTimerHook                      
 -------------------- 
after_train_iter:
(VERY_HIGH   ) RuntimeInfoHook                    
(NORMAL      ) IterTimerHook                      
(BELOW_NORMAL) LoggerHook                         
(LOW         ) ParamSchedulerHook                 
(VERY_LOW    ) CheckpointHook                     
 -------------------- 
after_train_epoch:
(NORMAL      ) IterTimerHook                      
(LOW         ) ParamSchedulerHook                 
(VERY_LOW    ) CheckpointHook                     
 -------------------- 
before_val:
(VERY_HIGH   ) RuntimeInfoHook                    
 -------------------- 
before_val_epoch:
(NORMAL      ) IterTimerHook                      
 -------------------- 
before_val_iter:
(NORMAL      ) IterTimerHook                      
 -------------------- 
after_val_iter:
(NORMAL      ) IterTimerHook                      
(NORMAL      ) SegVisualizationHook               
(BELOW_NORMAL) LoggerHook                         
 -------------------- 
after_val_epoch:
(VERY_HIGH   ) RuntimeInfoHook                    
(NORMAL      ) IterTimerHook                      
(BELOW_NORMAL) LoggerHook                         
(LOW         ) ParamSchedulerHook                 
(VERY_LOW    ) CheckpointHook                     
 -------------------- 
after_val:
(VERY_HIGH   ) RuntimeInfoHook                    
 -------------------- 
after_train:
(VERY_HIGH   ) RuntimeInfoHook                    
(VERY_LOW    ) CheckpointHook                     
 -------------------- 
before_test:
(VERY_HIGH   ) RuntimeInfoHook                    
 -------------------- 
before_test_epoch:
(NORMAL      ) IterTimerHook                      
 -------------------- 
before_test_iter:
(NORMAL      ) IterTimerHook                      
 -------------------- 
after_test_iter:
(NORMAL      ) IterTimerHook                      
(NORMAL      ) SegVisualizationHook               
(BELOW_NORMAL) LoggerHook                         
 -------------------- 
after_test_epoch:
(VERY_HIGH   ) RuntimeInfoHook                    
(NORMAL      ) IterTimerHook                      
(BELOW_NORMAL) LoggerHook                         
 -------------------- 
after_test:
(VERY_HIGH   ) RuntimeInfoHook                    
 -------------------- 
after_run:
(BELOW_NORMAL) LoggerHook                         
 -------------------- 
2024/09/27 16:02:35 - mmengine - WARNING - The prefix is not set in metric class IoUMetric.
2024/09/27 16:02:46 - mmengine - INFO - Iter(test) [  50/1449]    eta: 0:04:11  time: 0.0981  data_time: 0.0015  memory: 5115  
2024/09/27 16:02:51 - mmengine - INFO - Iter(test) [ 100/1449]    eta: 0:03:02  time: 0.0942  data_time: 0.0015  memory: 5091  
2024/09/27 16:02:56 - mmengine - INFO - Iter(test) [ 150/1449]    eta: 0:02:39  time: 0.1026  data_time: 0.0017  memory: 5106  
2024/09/27 16:03:00 - mmengine - INFO - Iter(test) [ 200/1449]    eta: 0:02:24  time: 0.0949  data_time: 0.0015  memory: 5093  
2024/09/27 16:03:06 - mmengine - INFO - Iter(test) [ 250/1449]    eta: 0:02:16  time: 0.0975  data_time: 0.0087  memory: 5093  
2024/09/27 16:03:10 - mmengine - INFO - Iter(test) [ 300/1449]    eta: 0:02:07  time: 0.0903  data_time: 0.0014  memory: 5092  
2024/09/27 16:03:17 - mmengine - INFO - Iter(test) [ 350/1449]    eta: 0:02:04  time: 0.1852  data_time: 0.1002  memory: 5091  
2024/09/27 16:03:22 - mmengine - INFO - Iter(test) [ 400/1449]    eta: 0:01:57  time: 0.1019  data_time: 0.0015  memory: 5093  
2024/09/27 16:03:27 - mmengine - INFO - Iter(test) [ 450/1449]    eta: 0:01:50  time: 0.0940  data_time: 0.0014  memory: 5093  
2024/09/27 16:03:32 - mmengine - INFO - Iter(test) [ 500/1449]    eta: 0:01:43  time: 0.1020  data_time: 0.0015  memory: 5111  
2024/09/27 16:03:37 - mmengine - INFO - Iter(test) [ 550/1449]    eta: 0:01:37  time: 0.0905  data_time: 0.0015  memory: 5094  
2024/09/27 16:03:41 - mmengine - INFO - Iter(test) [ 600/1449]    eta: 0:01:30  time: 0.0903  data_time: 0.0014  memory: 5093  
2024/09/27 16:03:46 - mmengine - INFO - Iter(test) [ 650/1449]    eta: 0:01:24  time: 0.1021  data_time: 0.0015  memory: 5091  
2024/09/27 16:03:50 - mmengine - INFO - Iter(test) [ 700/1449]    eta: 0:01:18  time: 0.0941  data_time: 0.0014  memory: 5094  
2024/09/27 16:03:55 - mmengine - INFO - Iter(test) [ 750/1449]    eta: 0:01:12  time: 0.0864  data_time: 0.0015  memory: 5092  
2024/09/27 16:04:03 - mmengine - INFO - Iter(test) [ 800/1449]    eta: 0:01:09  time: 0.3787  data_time: 0.2604  memory: 5098  
2024/09/27 16:04:07 - mmengine - INFO - Iter(test) [ 850/1449]    eta: 0:01:03  time: 0.0862  data_time: 0.0014  memory: 5092  
2024/09/27 16:04:13 - mmengine - INFO - Iter(test) [ 900/1449]    eta: 0:00:58  time: 0.0940  data_time: 0.0014  memory: 5089  
2024/09/27 16:04:17 - mmengine - INFO - Iter(test) [ 950/1449]    eta: 0:00:52  time: 0.0940  data_time: 0.0014  memory: 5089  
2024/09/27 16:04:22 - mmengine - INFO - Iter(test) [1000/1449]    eta: 0:00:47  time: 0.1325  data_time: 0.0397  memory: 5095  
2024/09/27 16:04:29 - mmengine - INFO - Iter(test) [1050/1449]    eta: 0:00:42  time: 0.0862  data_time: 0.0013  memory: 5091  
2024/09/27 16:04:37 - mmengine - INFO - Iter(test) [1100/1449]    eta: 0:00:37  time: 0.1191  data_time: 0.0185  memory: 5101  
2024/09/27 16:04:41 - mmengine - INFO - Iter(test) [1150/1449]    eta: 0:00:32  time: 0.0941  data_time: 0.0015  memory: 5092  
2024/09/27 16:04:46 - mmengine - INFO - Iter(test) [1200/1449]    eta: 0:00:26  time: 0.0981  data_time: 0.0014  memory: 5093  
2024/09/27 16:04:51 - mmengine - INFO - Iter(test) [1250/1449]    eta: 0:00:21  time: 0.0902  data_time: 0.0014  memory: 5099  
2024/09/27 16:04:55 - mmengine - INFO - Iter(test) [1300/1449]    eta: 0:00:15  time: 0.0863  data_time: 0.0014  memory: 5093  
2024/09/27 16:05:00 - mmengine - INFO - Iter(test) [1350/1449]    eta: 0:00:10  time: 0.1021  data_time: 0.0015  memory: 5092  
2024/09/27 16:05:08 - mmengine - INFO - Iter(test) [1400/1449]    eta: 0:00:05  time: 0.0867  data_time: 0.0010  memory: 5090  
2024/09/27 16:05:13 - mmengine - INFO - per class results:
2024/09/27 16:05:13 - mmengine - INFO - 
+-------------+-------+-------+
|    Class    |  IoU  |  Acc  |
+-------------+-------+-------+
|  aeroplane  |  85.9 | 97.67 |
|   bicycle   | 48.34 | 99.29 |
|     bird    | 81.04 | 98.96 |
|     boat    | 53.33 | 72.27 |
|    bottle   | 56.58 | 93.76 |
|     bus     | 87.34 |  99.8 |
|     car     | 75.92 | 83.54 |
|     cat     | 85.79 | 99.13 |
|    chair    | 42.26 | 53.54 |
|     cow     |  83.2 | 99.81 |
| diningtable | 49.91 | 77.85 |
|     dog     | 80.45 | 96.03 |
|    horse    | 88.36 | 99.19 |
|  motorbike  | 72.16 | 98.33 |
|    person   | 22.28 | 22.68 |
| pottedplant | 70.23 | 90.02 |
|    sheep    | 75.84 | 99.97 |
|     sofa    | 60.79 |  79.5 |
|    train    | 82.55 |  99.5 |
|  tvmonitor  | 63.51 | 93.86 |
+-------------+-------+-------+
2024/09/27 16:05:13 - mmengine - INFO - Iter(test) [1449/1449]    aAcc: 78.3900  mIoU: 68.2900  mAcc: 87.7300  data_time: 0.0154  time: 0.1075
